<?xml version="1.0" encoding="UTF-8"?>
<!-- Generated by org.testng.reporters.JUnitReportReporter -->
<testsuite hostname="DESKTOP-VIN5NT0" failures="0" tests="1" name="tests.LoginTest" time="3.537" errors="0" timestamp="2025-10-20T12:53:41 IST" skipped="0">
  <testcase classname="tests.LoginTest" name="invalidLoginTest" time="3.537"/>
</testsuite> <!-- tests.LoginTest -->
